<?xml version="1.0" encoding="UTF-8"?>
<testsuite name="com.order.management.ordermanagement.OrderManagementServiceTest" tests="2" skipped="0" failures="0" errors="0" timestamp="2022-06-16T19:50:01" hostname="LAPTOP-T29M54U8" time="0.304">
  <properties/>
  <testcase name="Test Kafka push" classname="com.order.management.ordermanagement.OrderManagementServiceTest" time="0.287"/>
  <testcase name="Submit Order and Get Order details test" classname="com.order.management.ordermanagement.OrderManagementServiceTest" time="0.014"/>
  <system-out><![CDATA[01:19:56.586 [Test worker] DEBUG org.springframework.test.context.BootstrapUtils - Instantiating CacheAwareContextLoaderDelegate from class [org.springframework.test.context.cache.DefaultCacheAwareContextLoaderDelegate]
01:19:56.605 [Test worker] DEBUG org.springframework.test.context.BootstrapUtils - Instantiating BootstrapContext using constructor [public org.springframework.test.context.support.DefaultBootstrapContext(java.lang.Class,org.springframework.test.context.CacheAwareContextLoaderDelegate)]
01:19:56.643 [Test worker] DEBUG org.springframework.test.context.BootstrapUtils - Instantiating TestContextBootstrapper for test class [com.order.management.ordermanagement.OrderManagementServiceTest] from class [org.springframework.boot.test.context.SpringBootTestContextBootstrapper]
01:19:56.658 [Test worker] INFO org.springframework.boot.test.context.SpringBootTestContextBootstrapper - Neither @ContextConfiguration nor @ContextHierarchy found for test class [com.order.management.ordermanagement.OrderManagementServiceTest], using SpringBootContextLoader
01:19:56.663 [Test worker] DEBUG org.springframework.test.context.support.AbstractContextLoader - Did not detect default resource location for test class [com.order.management.ordermanagement.OrderManagementServiceTest]: class path resource [com/order/management/ordermanagement/OrderManagementServiceTest-context.xml] does not exist
01:19:56.664 [Test worker] DEBUG org.springframework.test.context.support.AbstractContextLoader - Did not detect default resource location for test class [com.order.management.ordermanagement.OrderManagementServiceTest]: class path resource [com/order/management/ordermanagement/OrderManagementServiceTestContext.groovy] does not exist
01:19:56.664 [Test worker] INFO org.springframework.test.context.support.AbstractContextLoader - Could not detect default resource locations for test class [com.order.management.ordermanagement.OrderManagementServiceTest]: no resource found for suffixes {-context.xml, Context.groovy}.
01:19:56.665 [Test worker] INFO org.springframework.test.context.support.AnnotationConfigContextLoaderUtils - Could not detect default configuration classes for test class [com.order.management.ordermanagement.OrderManagementServiceTest]: OrderManagementServiceTest does not declare any static, non-private, non-final, nested classes annotated with @Configuration.
01:19:56.720 [Test worker] DEBUG org.springframework.test.context.support.ActiveProfilesUtils - Could not find an 'annotation declaring class' for annotation type [org.springframework.test.context.ActiveProfiles] and class [com.order.management.ordermanagement.OrderManagementServiceTest]
01:19:56.789 [Test worker] DEBUG org.springframework.context.annotation.ClassPathScanningCandidateComponentProvider - Identified candidate component class: file [C:\My Stuffs\Interview\ordermanagement\build\classes\java\main\com\order\management\ordermanagement\OrderManagementApplication.class]
01:19:56.790 [Test worker] INFO org.springframework.boot.test.context.SpringBootTestContextBootstrapper - Found @SpringBootConfiguration com.order.management.ordermanagement.OrderManagementApplication for test class com.order.management.ordermanagement.OrderManagementServiceTest
01:19:56.902 [Test worker] DEBUG org.springframework.boot.test.context.SpringBootTestContextBootstrapper - @TestExecutionListeners is not present for class [com.order.management.ordermanagement.OrderManagementServiceTest]: using defaults.
01:19:56.902 [Test worker] INFO org.springframework.boot.test.context.SpringBootTestContextBootstrapper - Loaded default TestExecutionListener class names from location [META-INF/spring.factories]: [org.springframework.boot.test.autoconfigure.restdocs.RestDocsTestExecutionListener, org.springframework.boot.test.autoconfigure.web.client.MockRestServiceServerResetTestExecutionListener, org.springframework.boot.test.autoconfigure.web.servlet.MockMvcPrintOnlyOnFailureTestExecutionListener, org.springframework.boot.test.autoconfigure.web.servlet.WebDriverTestExecutionListener, org.springframework.boot.test.autoconfigure.webservices.client.MockWebServiceServerTestExecutionListener, org.springframework.boot.test.mock.mockito.MockitoTestExecutionListener, org.springframework.boot.test.mock.mockito.ResetMocksTestExecutionListener, org.springframework.test.context.web.ServletTestExecutionListener, org.springframework.test.context.support.DirtiesContextBeforeModesTestExecutionListener, org.springframework.test.context.event.ApplicationEventsTestExecutionListener, org.springframework.test.context.support.DependencyInjectionTestExecutionListener, org.springframework.test.context.support.DirtiesContextTestExecutionListener, org.springframework.test.context.transaction.TransactionalTestExecutionListener, org.springframework.test.context.jdbc.SqlScriptsTestExecutionListener, org.springframework.test.context.event.EventPublishingTestExecutionListener]
01:19:56.927 [Test worker] INFO org.springframework.boot.test.context.SpringBootTestContextBootstrapper - Using TestExecutionListeners: [org.springframework.test.context.web.ServletTestExecutionListener@2a2bb0eb, org.springframework.test.context.support.DirtiesContextBeforeModesTestExecutionListener@3c291aad, org.springframework.test.context.event.ApplicationEventsTestExecutionListener@2d0566ba, org.springframework.boot.test.mock.mockito.MockitoTestExecutionListener@733037, org.springframework.boot.test.autoconfigure.SpringBootDependencyInjectionTestExecutionListener@7728643a, org.springframework.test.context.support.DirtiesContextTestExecutionListener@320e400, org.springframework.test.context.transaction.TransactionalTestExecutionListener@5167268, org.springframework.test.context.jdbc.SqlScriptsTestExecutionListener@1cfd1875, org.springframework.test.context.event.EventPublishingTestExecutionListener@28c0b664, org.springframework.boot.test.autoconfigure.restdocs.RestDocsTestExecutionListener@2c444798, org.springframework.boot.test.autoconfigure.web.client.MockRestServiceServerResetTestExecutionListener@1af7f54a, org.springframework.boot.test.autoconfigure.web.servlet.MockMvcPrintOnlyOnFailureTestExecutionListener@6ebd78d1, org.springframework.boot.test.autoconfigure.web.servlet.WebDriverTestExecutionListener@436390f4, org.springframework.boot.test.autoconfigure.webservices.client.MockWebServiceServerTestExecutionListener@4d157787, org.springframework.boot.test.mock.mockito.ResetMocksTestExecutionListener@68ed96ca]
01:19:56.931 [Test worker] DEBUG org.springframework.test.context.support.AbstractDirtiesContextTestExecutionListener - Before test class: context [DefaultTestContext@7577b641 testClass = OrderManagementServiceTest, testInstance = [null], testMethod = [null], testException = [null], mergedContextConfiguration = [WebMergedContextConfiguration@3704122f testClass = OrderManagementServiceTest, locations = '{}', classes = '{class com.order.management.ordermanagement.OrderManagementApplication}', contextInitializerClasses = '[]', activeProfiles = '{}', propertySourceLocations = '{}', propertySourceProperties = '{org.springframework.boot.test.context.SpringBootTestContextBootstrapper=true}', contextCustomizers = set[org.springframework.boot.test.autoconfigure.actuate.metrics.MetricsExportContextCustomizerFactory$DisableMetricExportContextCustomizer@4b20ca2b, org.springframework.boot.test.autoconfigure.properties.PropertyMappingContextCustomizer@0, org.springframework.boot.test.autoconfigure.web.servlet.WebDriverContextCustomizerFactory$Customizer@58c34bb3, org.springframework.boot.test.context.filter.ExcludeFilterContextCustomizer@1698fc68, org.springframework.boot.test.json.DuplicateJsonObjectContextCustomizerFactory$DuplicateJsonObjectContextCustomizer@57eda880, org.springframework.boot.test.mock.mockito.MockitoContextCustomizer@63cab432, org.springframework.boot.test.web.client.TestRestTemplateContextCustomizer@56bca85b, org.springframework.boot.test.context.SpringBootTestArgs@1, org.springframework.boot.test.context.SpringBootTestWebEnvironment@638ef7ed], resourceBasePath = 'src/main/webapp', contextLoader = 'org.springframework.boot.test.context.SpringBootContextLoader', parent = [null]], attributes = map['org.springframework.test.context.web.ServletTestExecutionListener.activateListener' -> true]], class annotated with @DirtiesContext [false] with mode [null].

  .   ____          _            __ _ _
 /\\ / ___'_ __ _ _(_)_ __  __ _ \ \ \ \
( ( )\___ | '_ | '_| | '_ \/ _` | \ \ \ \
 \\/  ___)| |_)| | | | | || (_| |  ) ) ) )
  '  |____| .__|_| |_|_| |_\__, | / / / /
 =========|_|==============|___/=/_/_/_/
 :: Spring Boot ::                (v2.7.0)

2022-06-17 01:19:57.352  INFO 23400 --- [    Test worker] c.o.m.o.OrderManagementServiceTest       : Starting OrderManagementServiceTest using Java 11.0.2 on LAPTOP-T29M54U8 with PID 23400 (started by Exzion in C:\My Stuffs\Interview\ordermanagement)
2022-06-17 01:19:57.353  INFO 23400 --- [    Test worker] c.o.m.o.OrderManagementServiceTest       : No active profile set, falling back to 1 default profile: "default"
2022-06-17 01:19:58.389  INFO 23400 --- [    Test worker] .s.d.r.c.RepositoryConfigurationDelegate : Bootstrapping Spring Data MongoDB repositories in DEFAULT mode.
2022-06-17 01:19:58.457  INFO 23400 --- [    Test worker] .s.d.r.c.RepositoryConfigurationDelegate : Finished Spring Data repository scanning in 61 ms. Found 2 MongoDB repository interfaces.
2022-06-17 01:19:59.882  INFO 23400 --- [    Test worker] org.mongodb.driver.client                : MongoClient with metadata {"driver": {"name": "mongo-java-driver|sync|spring-boot", "version": "4.6.0"}, "os": {"type": "Windows", "name": "Windows 10", "architecture": "amd64", "version": "10.0"}, "platform": "Java/Oracle Corporation/11.0.2+9"} created with settings MongoClientSettings{readPreference=primary, writeConcern=WriteConcern{w=null, wTimeout=null ms, journal=null}, retryWrites=true, retryReads=true, readConcern=ReadConcern{level=null}, credential=null, streamFactoryFactory=null, commandListeners=[io.micrometer.core.instrument.binder.mongodb.MongoMetricsCommandListener@175ac243], codecRegistry=ProvidersCodecRegistry{codecProviders=[ValueCodecProvider{}, BsonValueCodecProvider{}, DBRefCodecProvider{}, DBObjectCodecProvider{}, DocumentCodecProvider{}, IterableCodecProvider{}, MapCodecProvider{}, GeoJsonCodecProvider{}, GridFSFileCodecProvider{}, Jsr310CodecProvider{}, JsonObjectCodecProvider{}, BsonCodecProvider{}, EnumCodecProvider{}, com.mongodb.Jep395RecordCodecProvider@51a719e7]}, clusterSettings={hosts=[localhost:27017], srvServiceName=mongodb, mode=SINGLE, requiredClusterType=UNKNOWN, requiredReplicaSetName='null', serverSelector='null', clusterListeners='[]', serverSelectionTimeout='30000 ms', localThreshold='30000 ms'}, socketSettings=SocketSettings{connectTimeoutMS=10000, readTimeoutMS=0, receiveBufferSize=0, sendBufferSize=0}, heartbeatSocketSettings=SocketSettings{connectTimeoutMS=10000, readTimeoutMS=10000, receiveBufferSize=0, sendBufferSize=0}, connectionPoolSettings=ConnectionPoolSettings{maxSize=100, minSize=0, maxWaitTimeMS=120000, maxConnectionLifeTimeMS=0, maxConnectionIdleTimeMS=0, maintenanceInitialDelayMS=0, maintenanceFrequencyMS=60000, connectionPoolListeners=[io.micrometer.core.instrument.binder.mongodb.MongoMetricsConnectionPoolListener@fd4459b], maxConnecting=2}, serverSettings=ServerSettings{heartbeatFrequencyMS=10000, minHeartbeatFrequencyMS=500, serverListeners='[]', serverMonitorListeners='[]'}, sslSettings=SslSettings{enabled=false, invalidHostNameAllowed=false, context=null}, applicationName='null', compressorList=[], uuidRepresentation=JAVA_LEGACY, serverApi=null, autoEncryptionSettings=null, contextProvider=null}
2022-06-17 01:19:59.899  INFO 23400 --- [localhost:27017] org.mongodb.driver.connection            : Opened connection [connectionId{localValue:2, serverValue:58}] to localhost:27017
2022-06-17 01:19:59.900  INFO 23400 --- [localhost:27017] org.mongodb.driver.cluster               : Monitor thread successfully connected to server with description ServerDescription{address=localhost:27017, type=STANDALONE, state=CONNECTED, ok=true, minWireVersion=0, maxWireVersion=13, maxDocumentSize=16777216, logicalSessionTimeoutMinutes=30, roundTripTimeNanos=28038700}
2022-06-17 01:19:59.900  INFO 23400 --- [localhost:27017] org.mongodb.driver.connection            : Opened connection [connectionId{localValue:1, serverValue:57}] to localhost:27017
2022-06-17 01:20:01.708  INFO 23400 --- [    Test worker] o.s.b.a.e.web.EndpointLinksResolver      : Exposing 1 endpoint(s) beneath base path '/actuator'
2022-06-17 01:20:01.768  INFO 23400 --- [    Test worker] c.o.m.o.OrderManagementServiceTest       : Started OrderManagementServiceTest in 4.803 seconds (JVM running for 6.183)
2022-06-17 01:20:02.127  INFO 23400 --- [    Test worker] org.mongodb.driver.connection            : Opened connection [connectionId{localValue:3, serverValue:59}] to localhost:27017
]]></system-out>
  <system-err><![CDATA[]]></system-err>
</testsuite>
